0 info it worked if it ends with ok
1 verbose cli [ 'node', '/usr/local/bin/npm', 'publish' ]
2 info using npm@1.4.28
3 info using node@v0.10.35
4 verbose publish [ '.' ]
5 verbose cache add [ '.', null ]
6 verbose cache add name=undefined spec="." args=[".",null]
7 verbose parsed url { protocol: null,
7 verbose parsed url   slashes: null,
7 verbose parsed url   auth: null,
7 verbose parsed url   host: null,
7 verbose parsed url   port: null,
7 verbose parsed url   hostname: null,
7 verbose parsed url   hash: null,
7 verbose parsed url   search: null,
7 verbose parsed url   query: null,
7 verbose parsed url   pathname: '.',
7 verbose parsed url   path: '.',
7 verbose parsed url   href: '.' }
8 silly lockFile 3a52ce78- .
9 verbose lock . /Users/elvis/.npm/3a52ce78-.lock
10 verbose tar pack [ '/Users/elvis/.npm/wp-dev-start/1.0.0/package.tgz', '.' ]
11 verbose tarball /Users/elvis/.npm/wp-dev-start/1.0.0/package.tgz
12 verbose folder .
13 info prepublish wp-dev-start@1.0.0
14 silly lockFile 1f1177db-tar tar://.
15 verbose lock tar://. /Users/elvis/.npm/1f1177db-tar.lock
16 silly lockFile 263cfa02-m-wp-dev-start-1-0-0-package-tgz tar:///Users/elvis/.npm/wp-dev-start/1.0.0/package.tgz
17 verbose lock tar:///Users/elvis/.npm/wp-dev-start/1.0.0/package.tgz /Users/elvis/.npm/263cfa02-m-wp-dev-start-1-0-0-package-tgz.lock
18 silly lockFile 1f1177db-tar tar://.
19 silly lockFile 1f1177db-tar tar://.
20 silly lockFile 263cfa02-m-wp-dev-start-1-0-0-package-tgz tar:///Users/elvis/.npm/wp-dev-start/1.0.0/package.tgz
21 silly lockFile 263cfa02-m-wp-dev-start-1-0-0-package-tgz tar:///Users/elvis/.npm/wp-dev-start/1.0.0/package.tgz
22 silly lockFile 15918419-s-npm-wp-dev-start-1-0-0-package /Users/elvis/.npm/wp-dev-start/1.0.0/package
23 verbose lock /Users/elvis/.npm/wp-dev-start/1.0.0/package /Users/elvis/.npm/15918419-s-npm-wp-dev-start-1-0-0-package.lock
24 silly lockFile 15918419-s-npm-wp-dev-start-1-0-0-package /Users/elvis/.npm/wp-dev-start/1.0.0/package
25 silly lockFile 15918419-s-npm-wp-dev-start-1-0-0-package /Users/elvis/.npm/wp-dev-start/1.0.0/package
26 silly lockFile 3a52ce78- .
27 silly lockFile 3a52ce78- .
28 silly publish { name: 'wp-dev-start',
28 silly publish   version: '1.0.0',
28 silly publish   description: 'Custom Tasks for Wordpress Theme Development',
28 silly publish   main: 'gulpfile.js',
28 silly publish   scripts: { test: 'gulp' },
28 silly publish   author: { name: 'Elvis Wohlken', email: 'ewohlken@gmail.com' },
28 silly publish   license: 'MIT',
28 silly publish   dependencies:
28 silly publish    { gulp: '^3.8.11',
28 silly publish      'gulp-concat': '^2.5.2',
28 silly publish      'gulp-css-globbing': '^0.1.7',
28 silly publish      'gulp-if': '^1.2.5',
28 silly publish      'gulp-livereload': '^3.8.0',
28 silly publish      'gulp-minify-css': '^1.0.0',
28 silly publish      'gulp-notify': '^2.2.0',
28 silly publish      'gulp-sass': '^1.3.3',
28 silly publish      'gulp-sourcemaps': '^1.5.1',
28 silly publish      'gulp-uglify': '^1.1.0' },
28 silly publish   readme: '# Custom 2015 WordPress Baseline Theme\n\nThis is the WordPress baseline theme for GoldenComm 2015. This theme uses Foundation as its base for CSS and JavaScript Libraries\n  \n## Folder Structures\n\n**Note:** You must run `gulp` in your terminal for Sass and JavaScript files to be compiled, concatenated and minified. \n\n### Stylesheets\n\n  * `style.css`: Do not worry about this file, it\'s required by WordPress. We handle all styling with Sass in the files described below.\n  * `scss/app.scss`: Houses all the imports for Foundation components and all of your custom styling.\n  * `scss/_settings.scss`: Original Foundation 5 base settings.\n  * `scss/custom`: Use this folder to place any custom styling that does not fit into Foundation 5\n  * `css/app.css`: All Sass files are compiled into this file.\n  \n### JavaScript\n\n  * `js/`: Anything in this folder will be considered a production script.\n  * `js/app.js`: This is the destination file for all concatenated and minified scripts using gulp\n  * `src_js/`: This is where you pus all your custom scripts. Every .js file you put in this directory will be minified and concatinated to `app.min.js`',
28 silly publish   readmeFilename: 'README.md',
28 silly publish   _id: 'wp-dev-start@1.0.0',
28 silly publish   _shasum: 'a05a6078ea049820a2e8e5348dd91b7eb0e71c32',
28 silly publish   _from: '.' }
29 error need auth auth and email required for publishing
29 error need auth You need to authorize this machine using `npm adduser`
30 error System Darwin 14.3.0
31 error command "node" "/usr/local/bin/npm" "publish"
32 error cwd /www/sites/wordpress/wwwroot/wp-content/themes/custom
33 error node -v v0.10.35
34 error npm -v 1.4.28
35 error code ENEEDAUTH
36 verbose exit [ 1, true ]
